0 verbose cli /opt/homebrew/Cellar/node/24.5.0/bin/node /opt/homebrew/bin/npm
1 info using npm@11.6.0
2 info using node@v24.5.0
3 silly config load:file:/opt/homebrew/lib/node_modules/npm/npmrc
4 silly config load:file:/Users/venom/test site/node_modules_new/.npmrc
5 silly config load:file:/Users/venom/.npmrc
6 silly config load:file:/Users/venom/test site/node_modules_new/etc/npmrc
7 verbose title npm install
8 verbose argv "install" "--prefix" "./node_modules_new" "--cache" "./.npm_local_cache"
9 verbose logfile logs-max:10 dir:/Users/venom/test site/.npm_local_cache/_logs/2026-01-27T20_42_54_714Z-
10 verbose logfile /Users/venom/test site/.npm_local_cache/_logs/2026-01-27T20_42_54_714Z-debug-0.log
11 silly logfile start cleaning logs, removing 1 files
12 silly packumentCache heap:2348810240 maxSize:587202560 maxEntrySize:293601280
13 silly logfile done cleaning log files
14 silly idealTree buildDeps
15 silly reify moves {}
16 verbose stack Error: Could not read package.json: Error: ENOENT: no such file or directory, open '/Users/venom/test site/node_modules_new/package.json'
16 verbose stack     at async open (node:internal/fs/promises:640:25)
16 verbose stack     at async readFile (node:internal/fs/promises:1277:14)
16 verbose stack     at async read (/opt/homebrew/lib/node_modules/npm/node_modules/@npmcli/package-json/lib/read-package.js:9:18)
16 verbose stack     at async PackageJson.load (/opt/homebrew/lib/node_modules/npm/node_modules/@npmcli/package-json/lib/index.js:132:31)
16 verbose stack     at async PackageJson.normalize (/opt/homebrew/lib/node_modules/npm/node_modules/@npmcli/package-json/lib/index.js:118:5)
16 verbose stack     at async runScript (/opt/homebrew/lib/node_modules/npm/node_modules/@npmcli/run-script/lib/run-script.js:11:28)
16 verbose stack     at async Install.exec (/opt/homebrew/lib/node_modules/npm/lib/commands/install.js:163:9)
16 verbose stack     at async Npm.exec (/opt/homebrew/lib/node_modules/npm/lib/npm.js:208:9)
16 verbose stack     at async module.exports (/opt/homebrew/lib/node_modules/npm/lib/cli/entry.js:67:5)
17 error code ENOENT
18 error syscall open
19 error path /Users/venom/test site/node_modules_new/package.json
20 error errno -2
21 error enoent Could not read package.json: Error: ENOENT: no such file or directory, open '/Users/venom/test site/node_modules_new/package.json'
22 error enoent This is related to npm not being able to find a file.
22 error enoent
23 verbose cwd /Users/venom/test site
24 verbose os Darwin 25.2.0
25 verbose node v24.5.0
26 verbose npm  v11.6.0
27 verbose exit -2
28 verbose code -2
29 error A complete log of this run can be found in: /Users/venom/test site/.npm_local_cache/_logs/2026-01-27T20_42_54_714Z-debug-0.log
