0 verbose cli /opt/homebrew/Cellar/node/24.5.0/bin/node /opt/homebrew/bin/npm
1 info using npm@11.6.0
2 info using node@v24.5.0
3 silly config load:file:/opt/homebrew/lib/node_modules/npm/npmrc
4 silly config load:file:/Users/venom/test site/.npmrc
5 silly config load:file:/Users/venom/.npmrc
6 silly config load:file:/opt/homebrew/etc/npmrc
7 verbose title npm install
8 verbose argv "install" "--cache" "./.npm_local_cache"
9 verbose logfile logs-max:10 dir:/Users/venom/test site/.npm_local_cache/_logs/2026-01-27T20_43_00_556Z-
10 verbose logfile /Users/venom/test site/.npm_local_cache/_logs/2026-01-27T20_43_00_556Z-debug-0.log
11 silly logfile start cleaning logs, removing 1 files
12 silly packumentCache heap:2348810240 maxSize:587202560 maxEntrySize:293601280
13 silly logfile done cleaning log files
14 silly idealTree buildDeps
15 verbose shrinkwrap failed to load node_modules/.package-lock.json EPERM: operation not permitted, stat '/Users/venom/test site/node_modules'
16 silly reify moves {}
17 verbose reify failed optional dependency /Users/venom/test site/node_modules/@tailwindcss/oxide-wasm32-wasi
18 silly reify mark deleted [
18 silly reify   '/Users/venom/test site/node_modules/@tailwindcss/oxide-wasm32-wasi'
18 silly reify ]
19 verbose stack Error: EPERM: operation not permitted, lstat '/Users/venom/test site/node_modules'
19 verbose stack     at async lstat (node:internal/fs/promises:1029:18)
19 verbose stack     at async #loadActual (/opt/homebrew/lib/node_modules/npm/node_modules/@npmcli/arborist/lib/arborist/load-actual.js:129:15)
19 verbose stack     at async /opt/homebrew/lib/node_modules/npm/node_modules/@npmcli/arborist/lib/arborist/reify.js:986:11
19 verbose stack     at async Promise.allSettled (index 0)
19 verbose stack     at async [reifyPackages] (/opt/homebrew/lib/node_modules/npm/node_modules/@npmcli/arborist/lib/arborist/reify.js:332:11)
19 verbose stack     at async Arborist.reify (/opt/homebrew/lib/node_modules/npm/node_modules/@npmcli/arborist/lib/arborist/reify.js:137:5)
19 verbose stack     at async Install.exec (/opt/homebrew/lib/node_modules/npm/lib/commands/install.js:150:5)
19 verbose stack     at async Npm.exec (/opt/homebrew/lib/node_modules/npm/lib/npm.js:208:9)
19 verbose stack     at async module.exports (/opt/homebrew/lib/node_modules/npm/lib/cli/entry.js:67:5)
20 error code EPERM
21 error syscall lstat
22 error path /Users/venom/test site/node_modules
23 error errno -1
24 error Error: EPERM: operation not permitted, lstat '/Users/venom/test site/node_modules'
24 error     at async lstat (node:internal/fs/promises:1029:18)
24 error     at async #loadActual (/opt/homebrew/lib/node_modules/npm/node_modules/@npmcli/arborist/lib/arborist/load-actual.js:129:15)
24 error     at async /opt/homebrew/lib/node_modules/npm/node_modules/@npmcli/arborist/lib/arborist/reify.js:986:11
24 error     at async Promise.allSettled (index 0)
24 error     at async [reifyPackages] (/opt/homebrew/lib/node_modules/npm/node_modules/@npmcli/arborist/lib/arborist/reify.js:332:11)
24 error     at async Arborist.reify (/opt/homebrew/lib/node_modules/npm/node_modules/@npmcli/arborist/lib/arborist/reify.js:137:5)
24 error     at async Install.exec (/opt/homebrew/lib/node_modules/npm/lib/commands/install.js:150:5)
24 error     at async Npm.exec (/opt/homebrew/lib/node_modules/npm/lib/npm.js:208:9)
24 error     at async module.exports (/opt/homebrew/lib/node_modules/npm/lib/cli/entry.js:67:5) {
24 error   errno: -1,
24 error   code: 'EPERM',
24 error   syscall: 'lstat',
24 error   path: '/Users/venom/test site/node_modules'
24 error }
25 error
25 error The operation was rejected by your operating system.
25 error It is likely you do not have the permissions to access this file as the current user
25 error
25 error If you believe this might be a permissions issue, please double-check the
25 error permissions of the file and its containing directories, or try running
25 error the command again as root/Administrator.
26 silly unfinished npm timer reify 1769546581092
27 silly unfinished npm timer reify:loadBundles 1769546581237
28 verbose cwd /Users/venom/test site
29 verbose os Darwin 25.2.0
30 verbose node v24.5.0
31 verbose npm  v11.6.0
32 verbose exit -1
33 verbose code -1
34 error A complete log of this run can be found in: /Users/venom/test site/.npm_local_cache/_logs/2026-01-27T20_43_00_556Z-debug-0.log
